[debug] [2021-09-22T21:03:28.867Z] ----------------------------------------------------------------------
[debug] [2021-09-22T21:03:28.868Z] Command:       /home/joey/.nvm/versions/node/v14.11.0/bin/node /home/joey/.nvm/versions/node/v14.11.0/bin/firebase functions:shell
[debug] [2021-09-22T21:03:28.869Z] CLI Version:   9.14.0
[debug] [2021-09-22T21:03:28.869Z] Platform:      linux
[debug] [2021-09-22T21:03:28.869Z] Node Version:  v14.11.0
[debug] [2021-09-22T21:03:28.872Z] Time:          Wed Sep 22 2021 17:03:28 GMT-0400 (Eastern Daylight Time)
[debug] [2021-09-22T21:03:28.872Z] ----------------------------------------------------------------------
[debug] 
[debug] [2021-09-22T21:03:28.874Z] >>> [apiv2][query] GET https://firebase-public.firebaseio.com/cli.json [none]
[debug] [2021-09-22T21:03:28.890Z] > command requires scopes: ["email","openid","https://www.googleapis.com/auth/cloudplatformprojects.readonly","https://www.googleapis.com/auth/firebase","https://www.googleapis.com/auth/cloud-platform"]
[debug] [2021-09-22T21:03:28.890Z] > authorizing via signed-in user (doode1524@gmail.com)
[debug] [2021-09-22T21:03:28.890Z] [iam] checking project material-ui-project1 for permissions ["firebase.projects.get"]
[debug] [2021-09-22T21:03:28.891Z] > refreshing access token with scopes: ["email","https://www.googleapis.com/auth/cloud-platform","https://www.googleapis.com/auth/cloudplatformprojects.readonly","https://www.googleapis.com/auth/firebase","openid"]
[debug] [2021-09-22T21:03:28.891Z] >>> HTTP REQUEST POST https://www.googleapis.com/oauth2/v3/token  
 <request body omitted>
[debug] [2021-09-22T21:03:29.118Z] <<< HTTP RESPONSE 200 {"pragma":"no-cache","date":"Wed, 22 Sep 2021 21:03:30 GMT","expires":"Mon, 01 Jan 1990 00:00:00 GMT","cache-control":"no-cache, no-store, max-age=0, must-revalidate","content-type":"application/json; charset=utf-8","vary":"X-Origin, Referer, Origin,Accept-Encoding","server":"scaffolding on HTTPServer2","x-xss-protection":"0","x-frame-options":"SAMEORIGIN","x-content-type-options":"nosniff","alt-svc":"h3=\":443\"; ma=2592000,h3-29=\":443\"; ma=2592000,h3-T051=\":443\"; ma=2592000,h3-Q050=\":443\"; ma=2592000,h3-Q046=\":443\"; ma=2592000,h3-Q043=\":443\"; ma=2592000,quic=\":443\"; ma=2592000; v=\"46,43\"","accept-ranges":"none","transfer-encoding":"chunked"}
[debug] [2021-09-22T21:03:29.161Z] >>> HTTP REQUEST POST https://cloudresourcemanager.googleapis.com/v1/projects/material-ui-project1:testIamPermissions  
 {"permissions":["firebase.projects.get"]}
[debug] [2021-09-22T21:03:29.179Z] <<< [apiv2][status] GET https://firebase-public.firebaseio.com/cli.json 200
[debug] [2021-09-22T21:03:29.180Z] <<< [apiv2][body] GET https://firebase-public.firebaseio.com/cli.json {"cloudBuildErrorAfter":1594252800000,"cloudBuildWarnAfter":1590019200000,"defaultNode10After":1594252800000,"minVersion":"3.0.5","node8DeploysDisabledAfter":1613390400000,"node8RuntimeDisabledAfter":1615809600000,"node8WarnAfter":1600128000000}
[debug] [2021-09-22T21:03:29.429Z] <<< HTTP RESPONSE 200 {"content-type":"application/json; charset=UTF-8","vary":"X-Origin, Referer, Origin,Accept-Encoding","date":"Wed, 22 Sep 2021 21:03:30 GMT","server":"ESF","cache-control":"private","x-xss-protection":"0","x-frame-options":"SAMEORIGIN","x-content-type-options":"nosniff","server-timing":"gfet4t7; dur=110","alt-svc":"h3=\":443\"; ma=2592000,h3-29=\":443\"; ma=2592000,h3-T051=\":443\"; ma=2592000,h3-Q050=\":443\"; ma=2592000,h3-Q046=\":443\"; ma=2592000,h3-Q043=\":443\"; ma=2592000,quic=\":443\"; ma=2592000; v=\"46,43\"","accept-ranges":"none","transfer-encoding":"chunked"}
[warn] ⚠  Your requested "node" version "12" doesn't match your global version "14" {"metadata":{"emulator":{"name":"functions"},"message":"Your requested \"node\" version \"12\" doesn't match your global version \"14\""}}
[debug] [2021-09-22T21:03:29.451Z] defaultcredentials: writing to file /home/joey/.config/firebase/doode1524_gmail_com_application_default_credentials.json
[debug] [2021-09-22T21:03:29.453Z] DEBUG: Setting GAC to /home/joey/.config/firebase/doode1524_gmail_com_application_default_credentials.json
[debug] [2021-09-22T21:03:29.454Z] > refreshing access token with scopes: []
[debug] [2021-09-22T21:03:29.454Z] >>> HTTP REQUEST POST https://www.googleapis.com/oauth2/v3/token  
 <request body omitted>
[debug] [2021-09-22T21:03:29.580Z] <<< HTTP RESPONSE 200 {"date":"Wed, 22 Sep 2021 21:03:30 GMT","expires":"Mon, 01 Jan 1990 00:00:00 GMT","pragma":"no-cache","cache-control":"no-cache, no-store, max-age=0, must-revalidate","content-type":"application/json; charset=utf-8","vary":"X-Origin, Referer, Origin,Accept-Encoding","server":"scaffolding on HTTPServer2","x-xss-protection":"0","x-frame-options":"SAMEORIGIN","x-content-type-options":"nosniff","alt-svc":"h3=\":443\"; ma=2592000,h3-29=\":443\"; ma=2592000,h3-T051=\":443\"; ma=2592000,h3-Q050=\":443\"; ma=2592000,h3-Q046=\":443\"; ma=2592000,h3-Q043=\":443\"; ma=2592000,quic=\":443\"; ma=2592000; v=\"46,43\"","accept-ranges":"none","transfer-encoding":"chunked"}
[debug] [2021-09-22T21:03:29.589Z] >>> [apiv2][query] GET https://firebase.googleapis.com/v1beta1/projects/material-ui-project1/adminSdkConfig [none]
[debug] [2021-09-22T21:03:29.858Z] <<< [apiv2][status] GET https://firebase.googleapis.com/v1beta1/projects/material-ui-project1/adminSdkConfig 200
[debug] [2021-09-22T21:03:29.859Z] <<< [apiv2][body] GET https://firebase.googleapis.com/v1beta1/projects/material-ui-project1/adminSdkConfig {"projectId":"material-ui-project1","storageBucket":"material-ui-project1.appspot.com"}
[debug] [2021-09-22T21:03:29.882Z] [functions] Watching "/home/joey/projects/react/material-ui-project1/functions" for Cloud Functions...
[debug] [2021-09-22T21:03:29.893Z] DEBUG: [worker-pool] addWorker(~diagnostic~)
[debug] [2021-09-22T21:03:29.894Z] DEBUG: [worker-pool] Adding worker with key ~diagnostic~, total=1
[debug] [2021-09-22T21:03:29.894Z] DEBUG: [worker-pool] submitWork(triggerId=)
[debug] [2021-09-22T21:03:29.894Z] DEBUG: [worker-~diagnostic~-d4f26f08-ca1a-4d8f-b1fa-f0946725869d]: Assigning socketPath: /tmp/fire_emu_1706.sock
[debug] [2021-09-22T21:03:29.894Z] DEBUG: [worker-~diagnostic~-d4f26f08-ca1a-4d8f-b1fa-f0946725869d]: BUSY
[debug] [2021-09-22T21:03:30.001Z] DEBUG: [runtime-status] [1706] Functions runtime initialized. {"cwd":"/home/joey/projects/react/material-ui-project1/functions","node_version":"14.11.0"}
[debug] [2021-09-22T21:03:30.003Z] DEBUG: [runtime-status] [1706] Disabled runtime features: undefined
[debug] [2021-09-22T21:03:30.004Z] DEBUG: [runtime-status] [1706] Resolved module firebase-admin {"declared":true,"installed":true,"version":"9.8.0","resolution":"/home/joey/projects/react/material-ui-project1/functions/node_modules/firebase-admin/lib/index.js"}
[debug] [2021-09-22T21:03:30.005Z] DEBUG: [runtime-status] [1706] Resolved module firebase-functions {"declared":true,"installed":true,"version":"3.14.0","resolution":"/home/joey/projects/react/material-ui-project1/functions/node_modules/firebase-functions/lib/index.js"}
[debug] [2021-09-22T21:03:30.006Z] DEBUG: [runtime-status] [1706] Resolved module firebase-functions {"declared":true,"installed":true,"version":"3.14.0","resolution":"/home/joey/projects/react/material-ui-project1/functions/node_modules/firebase-functions/lib/index.js"}
[debug] [2021-09-22T21:03:30.008Z] DEBUG: [runtime-status] [1706] Outgoing network have been stubbed. [{"name":"http","status":"mocked"},{"name":"http","status":"mocked"},{"name":"https","status":"mocked"},{"name":"https","status":"mocked"},{"name":"net","status":"mocked"}]
[debug] [2021-09-22T21:03:30.008Z] DEBUG: [runtime-status] [1706] Resolved module firebase-functions {"declared":true,"installed":true,"version":"3.14.0","resolution":"/home/joey/projects/react/material-ui-project1/functions/node_modules/firebase-functions/lib/index.js"}
[debug] [2021-09-22T21:03:30.046Z] DEBUG: [runtime-status] [1706] Checked functions.config() {"config":{}}
[debug] [2021-09-22T21:03:30.047Z] DEBUG: [runtime-status] [1706] firebase-functions has been stubbed. {"functionsResolution":{"declared":true,"installed":true,"version":"3.14.0","resolution":"/home/joey/projects/react/material-ui-project1/functions/node_modules/firebase-functions/lib/index.js"}}
[debug] [2021-09-22T21:03:30.048Z] DEBUG: [runtime-status] [1706] Resolved module firebase-functions {"declared":true,"installed":true,"version":"3.14.0","resolution":"/home/joey/projects/react/material-ui-project1/functions/node_modules/firebase-functions/lib/index.js"}
[debug] [2021-09-22T21:03:30.048Z] DEBUG: [runtime-status] [1706] Resolved module firebase-admin {"declared":true,"installed":true,"version":"9.8.0","resolution":"/home/joey/projects/react/material-ui-project1/functions/node_modules/firebase-admin/lib/index.js"}
[debug] [2021-09-22T21:03:30.048Z] DEBUG: [runtime-status] [1706] Resolved module firebase-functions {"declared":true,"installed":true,"version":"3.14.0","resolution":"/home/joey/projects/react/material-ui-project1/functions/node_modules/firebase-functions/lib/index.js"}
[debug] [2021-09-22T21:03:30.049Z] DEBUG: [runtime-status] [1706] firebase-admin has been stubbed. {"adminResolution":{"declared":true,"installed":true,"version":"9.8.0","resolution":"/home/joey/projects/react/material-ui-project1/functions/node_modules/firebase-admin/lib/index.js"}}
[debug] [2021-09-22T21:03:30.077Z] DEBUG: [runtime-status] [1706] initializeApp(DEFAULT) {"storageBucket":"material-ui-project1.appspot.com","projectId":"material-ui-project1"}
[warn] ⚠  It looks like you're trying to access functions.config().user but there is no value there. You can learn more about setting up config here: https://firebase.google.com/docs/functions/local-emulator {"metadata":{"emulator":{"name":"functions"},"message":"It looks like you're trying to access functions.config().user but there is no value there. You can learn more about setting up config here: https://firebase.google.com/docs/functions/local-emulator"}}
[warn] ⚠  TypeError: Cannot read property 'email' of undefined
    at Object.<anonymous> (/home/joey/projects/react/material-ui-project1/functions/index.js:10:28)
    at Module._compile (internal/modules/cjs/loader.js:1076:30)
    at Object.Module._extensions..js (internal/modules/cjs/loader.js:1097:10)
    at Module.load (internal/modules/cjs/loader.js:941:32)
    at Function.Module._load (internal/modules/cjs/loader.js:782:14)
    at Module.require (internal/modules/cjs/loader.js:965:19)
    at require (internal/modules/cjs/helpers.js:88:18)
    at initializeRuntime (/home/joey/.nvm/versions/node/v14.11.0/lib/node_modules/firebase-tools/lib/emulator/functionsEmulatorRuntime.js:684:29)
    at processTicksAndRejections (internal/process/task_queues.js:93:5)
    at async handleMessage (/home/joey/.nvm/versions/node/v14.11.0/lib/node_modules/firebase-tools/lib/emulator/functionsEmulatorRuntime.js:723:20) {"metadata":{"emulator":{"name":"functions"},"message":"TypeError: Cannot read property 'email' of undefined\n    at Object.<anonymous> (/home/joey/projects/react/material-ui-project1/functions/index.js:10:28)\n    at Module._compile (internal/modules/cjs/loader.js:1076:30)\n    at Object.Module._extensions..js (internal/modules/cjs/loader.js:1097:10)\n    at Module.load (internal/modules/cjs/loader.js:941:32)\n    at Function.Module._load (internal/modules/cjs/loader.js:782:14)\n    at Module.require (internal/modules/cjs/loader.js:965:19)\n    at require (internal/modules/cjs/helpers.js:88:18)\n    at initializeRuntime (/home/joey/.nvm/versions/node/v14.11.0/lib/node_modules/firebase-tools/lib/emulator/functionsEmulatorRuntime.js:684:29)\n    at processTicksAndRejections (internal/process/task_queues.js:93:5)\n    at async handleMessage (/home/joey/.nvm/versions/node/v14.11.0/lib/node_modules/firebase-tools/lib/emulator/functionsEmulatorRuntime.js:723:20)"}}
[warn] ⚠  We were unable to load your functions code. (see above) {"metadata":{"emulator":{"name":"functions"}}}
[debug] [2021-09-22T21:03:30.093Z] DEBUG: [worker-~diagnostic~-d4f26f08-ca1a-4d8f-b1fa-f0946725869d]: exited
[debug] [2021-09-22T21:03:30.093Z] DEBUG: [worker-~diagnostic~-d4f26f08-ca1a-4d8f-b1fa-f0946725869d]: FINISHED
